[0m20:24:31.482947 [debug] [MainThread]: Sending event: {'category': 'dbt', 'action': 'invocation', 'label': 'start', 'context': [<snowplow_tracker.self_describing_json.SelfDescribingJson object at 0x0000020EA23BEE00>, <snowplow_tracker.self_describing_json.SelfDescribingJson object at 0x0000020EA4B96B90>, <snowplow_tracker.self_describing_json.SelfDescribingJson object at 0x0000020EA4B969B0>]}


============================== 20:24:31.487953 | 692effa4-2fcb-42f5-bb12-0defb4b42a4f ==============================
[0m20:24:31.487953 [info ] [MainThread]: Running with dbt=1.8.6
[0m20:24:31.488951 [debug] [MainThread]: running dbt with arguments {'printer_width': '80', 'indirect_selection': 'eager', 'write_json': 'True', 'log_cache_events': 'False', 'partial_parse': 'True', 'cache_selected_only': 'False', 'warn_error': 'None', 'version_check': 'True', 'profiles_dir': 'C:\\Users\\rajat\\.dbt', 'log_path': 'logs', 'fail_fast': 'False', 'debug': 'False', 'use_colors': 'True', 'use_experimental_parser': 'False', 'empty': 'None', 'quiet': 'False', 'no_print': 'None', 'warn_error_options': 'WarnErrorOptions(include=[], exclude=[])', 'static_parser': 'True', 'introspect': 'True', 'invocation_command': 'dbt init footballELT', 'target_path': 'None', 'log_format': 'default', 'send_anonymous_usage_stats': 'True'}
[0m20:24:31.523306 [debug] [MainThread]: Starter project path: C:\Users\rajat\AppData\Local\Programs\Python\Python310\lib\site-packages\dbt\include\starter_project
[0m20:24:31.542496 [info ] [MainThread]: 
Your new dbt project "footballELT" was created!

For more information on how to configure the profiles.yml file,
please consult the dbt documentation here:

  https://docs.getdbt.com/docs/configure-your-profile

One more thing:

Need help? Don't hesitate to reach out to us via GitHub issues or on Slack:

  https://community.getdbt.com/

Happy modeling!

[0m20:24:31.543506 [info ] [MainThread]: Setting up your profile.
[0m20:25:05.250338 [info ] [MainThread]: Profile footballELT written to C:\Users\rajat\.dbt\profiles.yml using target's profile_template.yml and your supplied values. Run 'dbt debug' to validate the connection.
[0m20:25:05.252339 [debug] [MainThread]: Command `dbt init` succeeded at 20:25:05.251339 after 33.85 seconds
[0m20:25:05.252339 [debug] [MainThread]: Sending event: {'category': 'dbt', 'action': 'invocation', 'label': 'end', 'context': [<snowplow_tracker.self_describing_json.SelfDescribingJson object at 0x0000020EA23BEE00>, <snowplow_tracker.self_describing_json.SelfDescribingJson object at 0x0000020EA1F7B160>, <snowplow_tracker.self_describing_json.SelfDescribingJson object at 0x0000020EA4B96950>]}
[0m20:25:05.253339 [debug] [MainThread]: Flushing usage events
[0m20:25:13.963560 [debug] [MainThread]: Sending event: {'category': 'dbt', 'action': 'invocation', 'label': 'start', 'context': [<snowplow_tracker.self_describing_json.SelfDescribingJson object at 0x0000021CE779EE30>, <snowplow_tracker.self_describing_json.SelfDescribingJson object at 0x0000021CE85D4EB0>, <snowplow_tracker.self_describing_json.SelfDescribingJson object at 0x0000021CEA762800>]}


============================== 20:25:13.969337 | deda7c10-9f0e-499a-814f-e2aeccd50013 ==============================
[0m20:25:13.969337 [info ] [MainThread]: Running with dbt=1.8.6
[0m20:25:13.970338 [debug] [MainThread]: running dbt with arguments {'printer_width': '80', 'indirect_selection': 'eager', 'log_cache_events': 'False', 'write_json': 'True', 'partial_parse': 'True', 'cache_selected_only': 'False', 'warn_error': 'None', 'debug': 'False', 'version_check': 'True', 'log_path': 'logs', 'fail_fast': 'False', 'profiles_dir': 'C:\\Users\\rajat\\.dbt', 'use_colors': 'True', 'use_experimental_parser': 'False', 'no_print': 'None', 'quiet': 'False', 'empty': 'None', 'log_format': 'default', 'static_parser': 'True', 'invocation_command': 'dbt debug', 'introspect': 'True', 'target_path': 'None', 'warn_error_options': 'WarnErrorOptions(include=[], exclude=[])', 'send_anonymous_usage_stats': 'True'}
[0m20:25:13.994979 [info ] [MainThread]: dbt version: 1.8.6
[0m20:25:13.995978 [info ] [MainThread]: python version: 3.10.10
[0m20:25:13.996981 [info ] [MainThread]: python path: C:\Users\rajat\AppData\Local\Programs\Python\Python310\python.exe
[0m20:25:13.997979 [info ] [MainThread]: os info: Windows-10-10.0.22631-SP0
[0m20:25:14.063322 [info ] [MainThread]: Using profiles dir at C:\Users\rajat\.dbt
[0m20:25:14.065334 [info ] [MainThread]: Using profiles.yml file at C:\Users\rajat\.dbt\profiles.yml
[0m20:25:14.065334 [info ] [MainThread]: Using dbt_project.yml file at D:\Learning\GIT\Python\footballETL\dbt\dbt_project.yml
[0m20:25:14.067328 [info ] [MainThread]: adapter type: postgres
[0m20:25:14.068322 [info ] [MainThread]: adapter version: 1.8.2
[0m20:25:14.069325 [info ] [MainThread]: Configuration:
[0m20:25:14.070651 [info ] [MainThread]:   profiles.yml file [[32mOK found and valid[0m]
[0m20:25:14.071660 [info ] [MainThread]:   dbt_project.yml file [[31mERROR not found[0m]
[0m20:25:14.071660 [info ] [MainThread]: Required dependencies:
[0m20:25:14.072660 [debug] [MainThread]: Executing "git --help"
[0m20:25:14.109707 [debug] [MainThread]: STDOUT: "b"usage: git [-v | --version] [-h | --help] [-C <path>] [-c <name>=<value>]\n           [--exec-path[=<path>]] [--html-path] [--man-path] [--info-path]\n           [-p | --paginate | -P | --no-pager] [--no-replace-objects] [--bare]\n           [--git-dir=<path>] [--work-tree=<path>] [--namespace=<name>]\n           [--super-prefix=<path>] [--config-env=<name>=<envvar>]\n           <command> [<args>]\n\nThese are common Git commands used in various situations:\n\nstart a working area (see also: git help tutorial)\n   clone     Clone a repository into a new directory\n   init      Create an empty Git repository or reinitialize an existing one\n\nwork on the current change (see also: git help everyday)\n   add       Add file contents to the index\n   mv        Move or rename a file, a directory, or a symlink\n   restore   Restore working tree files\n   rm        Remove files from the working tree and from the index\n\nexamine the history and state (see also: git help revisions)\n   bisect    Use binary search to find the commit that introduced a bug\n   diff      Show changes between commits, commit and working tree, etc\n   grep      Print lines matching a pattern\n   log       Show commit logs\n   show      Show various types of objects\n   status    Show the working tree status\n\ngrow, mark and tweak your common history\n   branch    List, create, or delete branches\n   commit    Record changes to the repository\n   merge     Join two or more development histories together\n   rebase    Reapply commits on top of another base tip\n   reset     Reset current HEAD to the specified state\n   switch    Switch branches\n   tag       Create, list, delete or verify a tag object signed with GPG\n\ncollaborate (see also: git help workflows)\n   fetch     Download objects and refs from another repository\n   pull      Fetch from and integrate with another repository or a local branch\n   push      Update remote refs along with associated objects\n\n'git help -a' and 'git help -g' list available subcommands and some\nconcept guides. See 'git help <command>' or 'git help <concept>'\nto read about a specific subcommand or concept.\nSee 'git help git' for an overview of the system.\n""
[0m20:25:14.111101 [debug] [MainThread]: STDERR: "b''"
[0m20:25:14.112112 [info ] [MainThread]:  - git [[32mOK found[0m]

[0m20:25:14.112112 [info ] [MainThread]: Connection:
[0m20:25:14.113112 [info ] [MainThread]:   host: localhost
[0m20:25:14.114109 [info ] [MainThread]:   port: 5432
[0m20:25:14.115111 [info ] [MainThread]:   user: postgres
[0m20:25:14.116111 [info ] [MainThread]:   database: devLearning
[0m20:25:14.116620 [info ] [MainThread]:   schema: dbt
[0m20:25:14.117635 [info ] [MainThread]:   connect_timeout: 10
[0m20:25:14.117635 [info ] [MainThread]:   role: None
[0m20:25:14.119100 [info ] [MainThread]:   search_path: None
[0m20:25:14.120113 [info ] [MainThread]:   keepalives_idle: 0
[0m20:25:14.120113 [info ] [MainThread]:   sslmode: None
[0m20:25:14.121110 [info ] [MainThread]:   sslcert: None
[0m20:25:14.122109 [info ] [MainThread]:   sslkey: None
[0m20:25:14.122109 [info ] [MainThread]:   sslrootcert: None
[0m20:25:14.123113 [info ] [MainThread]:   application_name: dbt
[0m20:25:14.124353 [info ] [MainThread]:   retries: 1
[0m20:25:14.124353 [info ] [MainThread]: Registered adapter: postgres=1.8.2
[0m20:25:14.126362 [debug] [MainThread]: Acquiring new postgres connection 'debug'
[0m20:25:14.228065 [debug] [MainThread]: Using postgres connection "debug"
[0m20:25:14.229064 [debug] [MainThread]: On debug: select 1 as id
[0m20:25:14.229064 [debug] [MainThread]: Opening a new connection, currently in state init
[0m20:25:14.275812 [debug] [MainThread]: SQL status: SELECT 1 in 0.046 seconds
[0m20:25:14.276816 [debug] [MainThread]: On debug: Close
[0m20:25:14.277815 [info ] [MainThread]:   Connection test: [[32mOK connection ok[0m]

[0m20:25:14.278816 [info ] [MainThread]: [31m1 check failed:[0m
[0m20:25:14.279815 [info ] [MainThread]: Project loading failed for the following reason:
 project path <D:\Learning\GIT\Python\footballETL\dbt\dbt_project.yml> not found

[0m20:25:14.280815 [debug] [MainThread]: Command `dbt debug` failed at 20:25:14.280815 after 0.40 seconds
[0m20:25:14.281812 [debug] [MainThread]: Connection 'debug' was properly closed.
[0m20:25:14.282812 [debug] [MainThread]: Sending event: {'category': 'dbt', 'action': 'invocation', 'label': 'end', 'context': [<snowplow_tracker.self_describing_json.SelfDescribingJson object at 0x0000021CE779EE30>, <snowplow_tracker.self_describing_json.SelfDescribingJson object at 0x0000021CEA723370>, <snowplow_tracker.self_describing_json.SelfDescribingJson object at 0x0000021CE738B730>]}
[0m20:25:14.282812 [debug] [MainThread]: Flushing usage events
